SF:lib/widgets/buttons/expandable_list_tile_button.dart
DA:57,1
DA:82,1
DA:93,1
DA:103,2
DA:104,2
DA:108,1
DA:127,0
DA:140,0
DA:151,0
DA:155,0
DA:159,0
DA:178,1
DA:188,1
DA:200,1
DA:202,1
DA:226,1
DA:228,1
DA:229,1
DA:230,2
DA:234,2
DA:235,1
DA:239,3
DA:240,1
DA:241,2
DA:242,1
DA:244,1
DA:245,1
DA:246,2
DA:247,3
DA:252,3
DA:253,1
DA:258,1
DA:260,3
DA:262,2
DA:263,2
DA:264,2
DA:265,1
DA:272,0
DA:274,0
DA:275,0
DA:276,0
DA:281,1
DA:283,2
DA:284,1
DA:288,1
DA:289,2
DA:290,2
DA:291,1
DA:292,2
DA:294,2
DA:300,1
DA:302,1
DA:304,1
DA:305,1
DA:306,1
DA:307,3
DA:308,1
DA:309,1
DA:311,1
DA:313,1
DA:314,2
DA:315,3
DA:320,1
DA:321,2
DA:324,3
DA:325,1
DA:329,1
DA:330,1
DA:331,2
DA:332,5
DA:333,0
DA:340,0
DA:341,0
DA:342,0
DA:343,0
DA:344,0
DA:345,0
DA:346,0
DA:347,0
DA:348,0
DA:349,0
DA:350,0
DA:352,0
DA:354,0
DA:355,0
DA:356,0
DA:357,0
DA:358,0
DA:359,0
DA:360,0
DA:361,0
DA:363,0
LF:92
LH:61
end_of_record
SF:lib/widgets/buttons/custom_action_button.dart
DA:82,4
DA:108,1
DA:128,1
DA:153,2
DA:171,2
DA:194,1
DA:206,1
DA:224,2
DA:245,2
DA:268,4
DA:269,4
DA:277,1
DA:278,2
DA:279,2
DA:281,1
DA:282,3
DA:289,1
DA:290,2
DA:293,4
DA:295,17
DA:296,2
DA:299,8
DA:300,4
DA:301,1
DA:302,4
DA:303,2
DA:304,3
DA:305,1
DA:308,3
DA:313,2
DA:314,2
DA:317,4
DA:318,4
DA:319,4
DA:320,2
DA:321,4
DA:322,4
DA:324,4
DA:325,2
DA:326,6
DA:327,8
DA:328,0
DA:329,0
DA:330,0
DA:335,4
DA:338,2
DA:339,4
DA:340,4
DA:341,4
DA:342,2
DA:344,2
DA:346,0
DA:347,4
DA:354,1
DA:355,1
DA:356,2
DA:357,2
DA:358,2
DA:359,2
DA:361,2
DA:362,1
DA:363,3
DA:364,2
DA:365,0
DA:368,2
DA:369,2
DA:370,2
DA:373,1
DA:374,2
DA:375,2
DA:376,2
DA:377,1
DA:379,2
DA:380,2
DA:386,3
DA:387,3
DA:388,6
DA:389,6
DA:390,9
DA:391,6
DA:393,6
DA:394,3
DA:395,9
DA:396,6
DA:397,0
DA:400,6
DA:403,3
DA:404,6
DA:405,6
DA:406,6
DA:407,3
DA:409,6
DA:410,6
DA:416,1
DA:417,1
DA:418,2
DA:419,2
DA:421,2
DA:423,2
DA:424,0
DA:426,1
DA:427,1
DA:431,1
DA:432,2
DA:433,2
DA:434,2
DA:435,1
DA:437,2
DA:438,2
DA:444,2
DA:445,2
DA:446,4
DA:447,6
DA:448,4
DA:449,4
DA:451,4
DA:452,1
DA:453,3
DA:454,2
DA:455,0
DA:458,4
DA:459,2
DA:460,4
DA:461,0
DA:463,4
DA:466,2
DA:467,4
DA:468,4
DA:469,4
DA:470,2
DA:471,4
DA:472,2
DA:473,2
DA:474,2
DA:476,4
DA:477,4
DA:483,4
DA:485,5
DA:486,4
LF:139
LH:130
end_of_record
SF:lib/widgets/buttons/custom_icon_text.dart
DA:68,0
DA:79,0
DA:83,0
DA:84,0
DA:85,0
DA:88,0
DA:90,0
DA:92,0
DA:98,0
DA:99,0
DA:100,0
DA:101,0
DA:105,0
DA:111,0
DA:112,0
DA:113,0
LF:16
LH:0
end_of_record
SF:lib/widgets/buttons/single_press_button.dart
DA:135,1
DA:156,1
DA:157,1
DA:170,1
DA:171,1
DA:173,2
DA:174,1
DA:178,3
DA:181,3
DA:184,2
DA:185,3
DA:191,1
DA:192,2
DA:193,1
DA:197,3
DA:202,1
DA:205,1
DA:206,4
DA:207,4
DA:210,2
DA:211,4
DA:212,2
DA:213,0
DA:214,4
DA:217,1
DA:218,2
DA:219,1
DA:220,2
DA:221,2
DA:223,2
DA:224,2
DA:225,2
DA:226,2
DA:227,2
DA:228,1
DA:230,1
DA:232,1
DA:234,2
DA:238,3
DA:239,1
DA:242,1
DA:243,1
DA:244,2
DA:245,3
LF:44
LH:43
end_of_record
SF:lib/widgets/buttons/list_tile_button.dart
DA:80,2
DA:101,2
DA:104,2
DA:105,1
DA:106,1
DA:109,2
DA:110,2
DA:111,1
DA:114,1
DA:120,2
DA:121,2
DA:122,2
DA:123,2
DA:124,2
DA:125,2
DA:126,2
DA:128,2
DA:129,4
DA:130,2
DA:131,2
DA:132,2
DA:133,2
DA:134,2
DA:135,2
DA:136,2
DA:138,2
DA:139,2
DA:140,2
DA:141,1
DA:142,2
DA:143,2
DA:144,2
DA:145,2
DA:147,2
DA:150,2
DA:151,2
DA:154,2
DA:155,2
DA:159,2
DA:231,1
DA:248,1
DA:250,1
DA:251,1
DA:252,1
DA:253,1
DA:254,1
DA:255,1
DA:256,1
DA:257,1
DA:258,1
DA:259,1
DA:260,1
DA:261,1
DA:262,1
DA:263,4
DA:266,1
DA:313,2
DA:324,2
DA:326,2
DA:327,2
DA:328,2
DA:329,2
DA:330,4
DA:331,4
DA:332,2
DA:333,2
DA:334,2
DA:335,4
DA:336,2
DA:337,0
DA:340,2
DA:380,2
DA:389,2
DA:391,2
DA:392,2
DA:393,2
DA:397,2
DA:398,2
DA:399,4
DA:400,4
DA:401,4
DA:403,0
DA:404,0
DA:405,0
DA:406,0
LF:85
LH:80
end_of_record
SF:lib/widgets/input/increment_decrement_widget.dart
DA:170,1
DA:213,0
DA:238,0
DA:280,0
DA:304,0
DA:347,0
DA:367,0
DA:409,0
DA:434,0
DA:454,0
DA:457,0
DA:458,0
DA:465,1
DA:467,1
DA:477,1
DA:479,1
DA:480,3
DA:487,1
DA:488,6
DA:489,2
DA:492,2
DA:493,3
DA:495,1
DA:497,1
DA:503,2
DA:504,1
DA:513,1
DA:514,6
DA:515,2
DA:518,2
DA:519,3
DA:521,1
DA:523,1
DA:529,2
DA:530,1
DA:539,1
DA:542,4
DA:544,2
DA:546,2
DA:547,2
DA:549,2
DA:551,1
DA:553,1
DA:555,1
DA:556,1
DA:558,2
DA:560,6
DA:561,1
DA:564,6
DA:565,1
DA:568,2
DA:569,2
DA:571,1
DA:572,1
DA:574,2
DA:575,2
DA:576,4
DA:577,1
DA:579,2
DA:580,4
DA:581,1
DA:584,2
DA:585,2
DA:604,1
DA:616,1
DA:622,1
DA:627,2
DA:628,1
DA:629,3
DA:631,2
DA:632,2
DA:636,1
DA:637,1
DA:643,1
DA:645,0
DA:659,1
DA:663,1
DA:665,1
DA:668,1
DA:669,2
DA:670,2
DA:671,3
DA:683,1
DA:685,5
DA:686,1
LF:85
LH:73
end_of_record
SF:lib/widgets/layouts/padded_widgets.dart
DA:31,2
DA:48,1
DA:52,1
DA:53,1
DA:71,1
DA:76,1
DA:77,1
DA:96,1
DA:103,1
DA:105,1
DA:121,0
DA:125,0
DA:126,0
DA:142,0
DA:146,0
DA:147,0
DA:152,1
DA:154,1
DA:155,1
DA:156,1
DA:207,2
DA:230,1
DA:236,1
DA:237,1
DA:260,1
DA:267,1
DA:268,1
DA:293,0
DA:302,0
DA:304,0
DA:311,1
DA:313,1
DA:314,1
DA:315,1
DA:316,1
DA:317,1
DA:318,1
LF:37
LH:28
end_of_record
SF:lib/widgets/navigation/custom_bottom_navbar.dart
DA:26,1
DA:150,1
DA:168,1
DA:169,1
DA:187,1
DA:188,2
DA:193,2
DA:194,1
DA:198,1
DA:201,2
DA:203,1
DA:205,1
DA:206,1
DA:209,6
DA:212,1
DA:213,2
DA:214,3
DA:215,2
DA:216,1
DA:217,3
DA:221,1
DA:224,1
DA:228,2
DA:229,1
DA:231,2
DA:232,1
DA:233,3
DA:234,2
DA:235,1
DA:236,2
DA:237,2
DA:238,1
DA:240,2
DA:241,1
DA:243,2
DA:244,1
DA:246,2
DA:247,1
DA:249,2
DA:250,1
DA:252,2
DA:253,1
DA:255,4
DA:256,1
DA:257,1
DA:258,2
DA:260,1
DA:262,1
DA:264,1
DA:265,1
DA:266,1
LF:51
LH:51
end_of_record
SF:lib/widgets/sheets/open_custom_sheet.dart
DA:141,1
DA:185,1
DA:201,1
DA:203,1
DA:217,1
DA:236,1
DA:251,1
DA:276,1
DA:277,1
DA:279,1
DA:280,1
DA:281,1
DA:285,1
DA:286,1
DA:287,3
DA:288,1
DA:289,1
DA:290,1
DA:291,1
DA:292,1
DA:293,1
DA:294,1
DA:295,1
DA:296,1
DA:299,1
DA:301,1
DA:302,1
DA:303,1
DA:304,2
DA:305,2
DA:306,1
DA:307,2
DA:316,1
DA:317,1
DA:320,1
DA:323,3
DA:325,1
DA:326,1
DA:328,1
DA:329,2
DA:330,2
DA:331,1
DA:332,1
DA:333,1
DA:336,2
DA:340,1
DA:341,1
DA:343,1
DA:344,1
DA:345,1
DA:346,1
DA:347,1
DA:348,1
DA:349,1
DA:356,2
DA:357,1
DA:358,2
DA:390,1
DA:400,1
DA:402,1
DA:405,1
DA:408,2
DA:410,1
DA:412,4
DA:417,1
DA:418,2
DA:422,1
DA:424,4
DA:444,1
DA:445,1
DA:446,1
DA:449,1
DA:451,1
LF:73
LH:73
end_of_record
