SF:lib/widgets/buttons/expandable_list_tile_button.dart
DA:19,1
DA:35,1
DA:46,1
DA:56,2
DA:57,2
DA:61,1
DA:70,0
DA:83,0
DA:94,0
DA:98,0
DA:102,0
DA:110,1
DA:120,1
DA:132,1
DA:134,1
DA:146,1
DA:148,1
DA:149,1
DA:150,2
DA:154,2
DA:155,1
DA:159,3
DA:160,1
DA:161,2
DA:162,1
DA:164,1
DA:165,1
DA:166,2
DA:167,3
DA:172,3
DA:173,1
DA:177,1
DA:179,3
DA:181,2
DA:182,2
DA:183,2
DA:184,1
DA:190,0
DA:192,0
DA:193,0
DA:194,0
DA:198,1
DA:200,2
DA:201,1
DA:204,1
DA:205,2
DA:206,2
DA:207,1
DA:208,2
DA:210,2
DA:215,1
DA:217,1
DA:219,1
DA:220,1
DA:221,1
DA:222,3
DA:223,1
DA:224,1
DA:226,1
DA:228,1
DA:229,2
DA:230,3
DA:235,1
DA:236,2
DA:239,3
DA:240,1
DA:244,1
DA:245,1
DA:246,2
DA:247,5
DA:248,0
DA:254,0
DA:255,0
DA:256,0
DA:257,0
DA:258,0
DA:259,0
DA:260,0
DA:261,0
DA:262,0
DA:263,0
DA:264,0
DA:266,0
DA:268,0
DA:269,0
DA:270,0
DA:271,0
DA:272,0
DA:273,0
DA:274,0
DA:275,0
DA:277,0
LF:92
LH:61
end_of_record
SF:lib/widgets/buttons/custom_action_button.dart
DA:35,3
DA:58,1
DA:77,1
DA:98,2
DA:116,2
DA:136,1
DA:147,1
DA:161,2
DA:181,2
DA:203,3
DA:204,3
DA:210,1
DA:211,2
DA:213,1
DA:214,3
DA:219,1
DA:220,2
DA:223,3
DA:225,6
DA:226,2
DA:229,6
DA:230,3
DA:231,1
DA:232,3
DA:233,2
DA:234,2
DA:235,1
DA:238,2
DA:242,2
DA:243,2
DA:246,4
DA:247,4
DA:248,4
DA:249,4
DA:250,2
DA:251,4
DA:253,4
DA:254,1
DA:255,3
DA:256,4
DA:257,0
DA:258,0
DA:259,0
DA:264,4
DA:267,2
DA:268,4
DA:269,4
DA:270,4
DA:271,2
DA:273,2
DA:275,0
DA:276,4
DA:282,1
DA:283,1
DA:284,2
DA:285,2
DA:286,2
DA:288,2
DA:289,1
DA:290,3
DA:291,2
DA:292,0
DA:295,2
DA:296,2
DA:297,2
DA:300,1
DA:301,2
DA:302,2
DA:303,2
DA:304,1
DA:306,2
DA:307,2
DA:312,2
DA:313,2
DA:314,4
DA:315,4
DA:316,6
DA:317,4
DA:319,4
DA:320,2
DA:321,6
DA:322,4
DA:323,0
DA:326,4
DA:329,2
DA:330,4
DA:331,4
DA:332,4
DA:333,2
DA:335,4
DA:336,4
DA:341,1
DA:342,1
DA:344,2
DA:346,2
DA:348,2
DA:349,0
DA:351,1
DA:352,1
DA:356,1
DA:357,2
DA:358,2
DA:359,2
DA:360,1
DA:362,2
DA:363,2
DA:368,2
DA:369,2
DA:370,4
DA:371,6
DA:372,4
DA:374,4
DA:375,1
DA:376,3
DA:377,2
DA:378,0
DA:381,4
DA:382,2
DA:383,4
DA:384,0
DA:386,4
DA:389,2
DA:390,4
DA:391,4
DA:392,4
DA:393,2
DA:394,4
DA:395,2
DA:396,2
DA:397,2
DA:399,4
DA:400,4
DA:406,3
DA:408,4
DA:409,3
DA:422,0
DA:433,0
DA:435,0
DA:436,0
DA:437,0
DA:439,0
DA:441,0
DA:443,0
DA:444,0
DA:445,0
DA:446,0
DA:447,0
DA:449,0
DA:450,0
DA:451,0
DA:452,0
LF:151
LH:126
end_of_record
SF:lib/widgets/buttons/list_tile_button.dart
DA:21,2
DA:41,2
DA:43,2
DA:44,2
DA:45,2
DA:46,2
DA:47,2
DA:48,2
DA:50,2
DA:51,4
DA:52,2
DA:53,2
DA:54,2
DA:55,2
DA:56,2
DA:57,2
DA:58,2
DA:60,2
DA:61,2
DA:62,2
DA:63,2
DA:64,1
DA:65,1
DA:66,3
DA:67,0
DA:70,1
DA:72,2
DA:73,2
DA:74,2
DA:75,2
DA:77,2
DA:80,2
DA:81,2
DA:84,2
DA:85,2
DA:89,2
DA:116,1
DA:132,1
DA:134,1
DA:135,1
DA:136,1
DA:137,1
DA:138,1
DA:139,1
DA:140,4
DA:141,2
DA:143,1
DA:144,1
DA:145,1
DA:147,1
DA:148,1
DA:149,1
DA:150,1
DA:164,2
DA:175,2
DA:177,2
DA:178,2
DA:179,2
DA:180,2
DA:181,4
DA:182,4
DA:183,2
DA:184,2
DA:185,2
DA:186,4
DA:187,2
DA:188,0
DA:191,2
DA:205,2
DA:214,2
DA:216,2
DA:217,2
DA:218,2
DA:222,2
DA:223,2
DA:224,4
DA:225,4
DA:226,4
DA:228,0
DA:229,0
DA:230,0
DA:231,0
LF:82
LH:76
end_of_record
SF:lib/widgets/input/increment_decrement_widget.dart
DA:51,1
DA:81,0
DA:106,0
DA:135,0
DA:159,0
DA:188,0
DA:208,0
DA:235,0
DA:260,0
DA:280,0
DA:283,0
DA:284,0
DA:291,1
DA:293,1
DA:300,1
DA:302,1
DA:303,3
DA:306,1
DA:307,6
DA:308,2
DA:309,1
DA:310,5
DA:315,1
DA:316,6
DA:317,2
DA:318,1
DA:319,5
DA:324,0
DA:325,0
DA:327,0
DA:329,0
DA:334,0
DA:335,0
DA:338,1
DA:340,1
DA:341,1
DA:344,1
DA:347,4
DA:349,2
DA:351,2
DA:352,2
DA:354,2
DA:356,1
DA:358,1
DA:360,1
DA:361,1
DA:363,2
DA:365,6
DA:366,1
DA:369,6
DA:370,0
DA:371,1
DA:374,2
DA:375,2
DA:377,1
DA:378,1
DA:380,2
DA:381,2
DA:382,4
DA:383,1
DA:385,2
DA:386,4
DA:387,0
DA:388,1
DA:391,2
DA:392,2
DA:399,1
DA:412,1
DA:414,1
DA:419,2
DA:420,1
DA:421,3
DA:423,2
DA:424,2
DA:426,0
DA:428,0
DA:430,1
DA:431,1
DA:437,1
DA:439,0
DA:447,1
DA:451,1
DA:453,1
DA:456,1
DA:457,2
DA:458,2
DA:459,3
DA:465,1
DA:467,5
DA:468,1
LF:90
LH:68
end_of_record
SF:lib/widgets/layouts/padded_widgets.dart
DA:8,2
DA:15,1
DA:19,1
DA:20,1
DA:26,1
DA:31,1
DA:32,1
DA:38,1
DA:45,1
DA:47,1
DA:53,0
DA:57,0
DA:58,0
DA:64,0
DA:68,0
DA:69,0
DA:74,1
DA:76,1
DA:77,1
DA:78,1
DA:90,2
DA:99,1
DA:105,1
DA:106,1
DA:114,1
DA:121,1
DA:122,1
DA:130,0
DA:139,0
DA:141,0
DA:148,1
DA:150,1
DA:151,1
DA:152,1
DA:153,1
DA:154,1
DA:155,1
LF:37
LH:28
end_of_record
SF:lib/widgets/navigation/custom_bottom_navbar.dart
DA:8,1
DA:31,1
DA:49,1
DA:50,1
DA:57,1
DA:58,2
DA:60,2
DA:61,1
DA:65,1
DA:67,2
DA:69,1
DA:70,1
DA:71,1
DA:73,6
DA:75,1
DA:76,2
DA:77,3
DA:78,2
DA:79,1
DA:80,3
DA:84,1
DA:87,1
DA:90,2
DA:91,1
DA:93,2
DA:94,1
DA:95,3
DA:96,2
DA:97,1
DA:98,2
DA:99,2
DA:100,1
DA:102,2
DA:103,1
DA:105,2
DA:106,1
DA:108,2
DA:109,1
DA:111,2
DA:112,1
DA:114,2
DA:115,1
DA:117,4
DA:118,1
DA:119,1
DA:120,2
DA:122,1
DA:124,1
DA:126,1
DA:127,1
DA:128,1
LF:51
LH:51
end_of_record
SF:lib/widgets/sheets/open_custom_sheet.dart
DA:25,1
DA:43,1
DA:58,1
DA:70,2
DA:74,1
DA:82,1
DA:85,1
DA:86,1
DA:91,2
DA:94,1
DA:96,1
DA:97,2
DA:98,1
DA:105,1
DA:124,1
DA:133,2
DA:148,1
DA:160,1
DA:163,1
DA:164,1
DA:166,2
DA:169,1
DA:171,1
DA:172,1
DA:173,1
DA:177,1
DA:191,1
DA:199,1
DA:201,1
DA:204,1
DA:207,2
DA:209,1
DA:211,4
DA:216,1
DA:217,2
DA:221,1
DA:223,4
DA:232,1
DA:233,1
DA:234,1
DA:237,1
DA:239,1
DA:246,0
DA:251,1
DA:252,1
DA:254,1
DA:255,1
DA:256,1
DA:257,1
DA:260,1
DA:261,1
DA:262,1
DA:263,1
DA:264,1
DA:265,1
DA:266,1
DA:267,1
DA:268,1
DA:269,0
DA:270,1
DA:272,2
DA:273,1
DA:274,1
DA:275,1
DA:276,1
DA:282,1
DA:285,3
DA:289,2
DA:290,1
DA:291,2
LF:70
LH:68
end_of_record
