SF:lib/widgets/buttons/expandable_list_tile_button.dart
DA:19,1
DA:35,1
DA:46,1
DA:56,2
DA:57,2
DA:61,1
DA:70,0
DA:83,0
DA:94,0
DA:98,0
DA:102,0
DA:110,1
DA:120,1
DA:132,1
DA:134,1
DA:146,1
DA:148,1
DA:149,1
DA:150,2
DA:154,2
DA:155,1
DA:159,3
DA:160,1
DA:161,2
DA:162,1
DA:164,1
DA:165,1
DA:166,2
DA:167,3
DA:172,3
DA:173,1
DA:177,1
DA:179,3
DA:181,2
DA:182,2
DA:183,2
DA:184,1
DA:190,0
DA:192,0
DA:193,0
DA:194,0
DA:198,1
DA:200,2
DA:201,1
DA:204,1
DA:205,2
DA:206,2
DA:207,1
DA:208,2
DA:210,2
DA:215,1
DA:217,1
DA:219,1
DA:220,1
DA:221,1
DA:222,3
DA:223,1
DA:224,1
DA:226,1
DA:228,1
DA:229,2
DA:230,3
DA:235,1
DA:236,2
DA:239,3
DA:240,1
DA:244,1
DA:245,1
DA:246,2
DA:247,5
DA:248,0
DA:254,0
DA:255,0
DA:256,0
DA:257,0
DA:258,0
DA:259,0
DA:260,0
DA:261,0
DA:262,0
DA:263,0
DA:264,0
DA:266,0
DA:268,0
DA:269,0
DA:270,0
DA:271,0
DA:272,0
DA:273,0
DA:274,0
DA:275,0
DA:277,0
LF:92
LH:61
end_of_record
SF:lib/widgets/buttons/custom_action_button.dart
DA:35,4
DA:58,1
DA:77,1
DA:98,2
DA:116,2
DA:136,1
DA:147,1
DA:161,2
DA:181,2
DA:203,4
DA:204,4
DA:210,1
DA:211,2
DA:212,2
DA:214,1
DA:215,3
DA:221,1
DA:222,2
DA:225,4
DA:227,17
DA:228,2
DA:231,8
DA:232,4
DA:233,1
DA:234,4
DA:235,2
DA:236,3
DA:237,1
DA:240,3
DA:244,2
DA:245,2
DA:248,4
DA:249,4
DA:250,4
DA:251,4
DA:252,2
DA:253,4
DA:255,4
DA:256,2
DA:257,6
DA:258,8
DA:259,0
DA:260,0
DA:261,0
DA:266,4
DA:269,2
DA:270,4
DA:271,4
DA:272,4
DA:273,2
DA:275,2
DA:277,0
DA:278,4
DA:284,1
DA:285,1
DA:286,2
DA:287,2
DA:288,2
DA:290,2
DA:291,1
DA:292,3
DA:293,2
DA:294,0
DA:297,2
DA:298,2
DA:299,2
DA:302,1
DA:303,2
DA:304,2
DA:305,2
DA:306,1
DA:308,2
DA:309,2
DA:314,3
DA:315,3
DA:316,6
DA:317,6
DA:318,9
DA:319,6
DA:321,6
DA:322,3
DA:323,9
DA:324,6
DA:325,0
DA:328,6
DA:331,3
DA:332,6
DA:333,6
DA:334,6
DA:335,3
DA:337,6
DA:338,6
DA:343,1
DA:344,1
DA:346,2
DA:348,2
DA:350,2
DA:351,0
DA:353,1
DA:354,1
DA:358,1
DA:359,2
DA:360,2
DA:361,2
DA:362,1
DA:364,2
DA:365,2
DA:370,2
DA:371,2
DA:372,4
DA:373,6
DA:374,4
DA:376,4
DA:377,1
DA:378,3
DA:379,2
DA:380,0
DA:383,4
DA:384,2
DA:385,4
DA:386,0
DA:388,4
DA:391,2
DA:392,4
DA:393,4
DA:394,4
DA:395,2
DA:396,4
DA:397,2
DA:398,2
DA:399,2
DA:401,4
DA:402,4
DA:408,4
DA:410,5
DA:411,4
LF:136
LH:127
end_of_record
SF:lib/widgets/buttons/custom_icon_text.dart
DA:12,0
DA:23,0
DA:25,0
DA:26,0
DA:27,0
DA:29,0
DA:31,0
DA:33,0
DA:34,0
DA:35,0
DA:36,0
DA:37,0
DA:39,0
DA:40,0
DA:41,0
DA:42,0
LF:16
LH:0
end_of_record
SF:lib/widgets/buttons/single_press_button.dart
DA:58,1
DA:77,1
DA:78,1
DA:86,1
DA:87,1
DA:89,2
DA:90,1
DA:94,3
DA:97,3
DA:100,2
DA:101,3
DA:107,1
DA:108,2
DA:109,1
DA:113,3
DA:118,1
DA:121,1
DA:122,4
DA:123,4
DA:125,1
DA:126,2
DA:127,1
DA:128,2
DA:129,2
DA:131,2
DA:132,2
DA:133,2
DA:134,1
DA:136,1
DA:138,2
DA:141,3
DA:142,1
DA:145,1
DA:146,1
DA:147,2
DA:148,3
LF:36
LH:36
end_of_record
SF:lib/widgets/buttons/list_tile_button.dart
DA:35,2
DA:56,2
DA:59,2
DA:60,1
DA:61,1
DA:64,2
DA:65,2
DA:66,1
DA:69,1
DA:75,2
DA:76,2
DA:77,2
DA:78,2
DA:79,2
DA:80,2
DA:81,2
DA:83,2
DA:84,4
DA:85,2
DA:86,2
DA:87,2
DA:88,2
DA:89,2
DA:90,2
DA:91,2
DA:93,2
DA:94,2
DA:95,2
DA:96,1
DA:97,2
DA:98,2
DA:99,2
DA:100,2
DA:102,2
DA:105,2
DA:106,2
DA:109,2
DA:110,2
DA:114,2
DA:149,1
DA:166,1
DA:168,1
DA:169,1
DA:170,1
DA:171,1
DA:172,1
DA:173,1
DA:174,1
DA:175,1
DA:176,1
DA:177,1
DA:178,1
DA:179,1
DA:180,1
DA:181,4
DA:184,1
DA:204,2
DA:215,2
DA:217,2
DA:218,2
DA:219,2
DA:220,2
DA:221,4
DA:222,4
DA:223,2
DA:224,2
DA:225,2
DA:226,4
DA:227,2
DA:228,0
DA:231,2
DA:245,2
DA:254,2
DA:256,2
DA:257,2
DA:258,2
DA:262,2
DA:263,2
DA:264,4
DA:265,4
DA:266,4
DA:268,0
DA:269,0
DA:270,0
DA:271,0
LF:85
LH:80
end_of_record
SF:lib/widgets/input/increment_decrement_widget.dart
DA:51,1
DA:81,0
DA:106,0
DA:135,0
DA:159,0
DA:188,0
DA:208,0
DA:235,0
DA:260,0
DA:280,0
DA:283,0
DA:284,0
DA:291,1
DA:293,1
DA:299,1
DA:301,1
DA:302,3
DA:305,1
DA:306,6
DA:307,2
DA:310,2
DA:311,3
DA:313,1
DA:315,1
DA:321,2
DA:322,1
DA:327,1
DA:328,6
DA:329,2
DA:332,2
DA:333,3
DA:335,1
DA:337,1
DA:343,2
DA:344,1
DA:349,1
DA:352,4
DA:354,2
DA:356,2
DA:357,2
DA:359,2
DA:361,1
DA:363,1
DA:365,1
DA:366,1
DA:368,2
DA:370,6
DA:371,1
DA:374,6
DA:375,1
DA:378,2
DA:379,2
DA:381,1
DA:382,1
DA:384,2
DA:385,2
DA:386,4
DA:387,1
DA:389,2
DA:390,4
DA:391,1
DA:394,2
DA:395,2
DA:402,1
DA:414,1
DA:420,1
DA:425,2
DA:426,1
DA:427,3
DA:429,2
DA:430,2
DA:434,1
DA:435,1
DA:441,1
DA:443,0
DA:451,1
DA:455,1
DA:457,1
DA:460,1
DA:461,2
DA:462,2
DA:463,3
DA:469,1
DA:471,5
DA:472,1
LF:85
LH:73
end_of_record
SF:lib/widgets/layouts/padded_widgets.dart
DA:8,2
DA:15,1
DA:19,1
DA:20,1
DA:26,1
DA:31,1
DA:32,1
DA:38,1
DA:45,1
DA:47,1
DA:53,0
DA:57,0
DA:58,0
DA:64,0
DA:68,0
DA:69,0
DA:74,1
DA:76,1
DA:77,1
DA:78,1
DA:90,2
DA:99,1
DA:105,1
DA:106,1
DA:114,1
DA:121,1
DA:122,1
DA:130,0
DA:139,0
DA:141,0
DA:148,1
DA:150,1
DA:151,1
DA:152,1
DA:153,1
DA:154,1
DA:155,1
LF:37
LH:28
end_of_record
SF:lib/widgets/navigation/custom_bottom_navbar.dart
DA:8,1
DA:31,1
DA:49,1
DA:50,1
DA:57,1
DA:58,2
DA:60,2
DA:61,1
DA:65,1
DA:67,2
DA:69,1
DA:70,1
DA:71,1
DA:73,6
DA:75,1
DA:76,2
DA:77,3
DA:78,2
DA:79,1
DA:80,3
DA:84,1
DA:87,1
DA:90,2
DA:91,1
DA:93,2
DA:94,1
DA:95,3
DA:96,2
DA:97,1
DA:98,2
DA:99,2
DA:100,1
DA:102,2
DA:103,1
DA:105,2
DA:106,1
DA:108,2
DA:109,1
DA:111,2
DA:112,1
DA:114,2
DA:115,1
DA:117,4
DA:118,1
DA:119,1
DA:120,2
DA:122,1
DA:124,1
DA:126,1
DA:127,1
DA:128,1
LF:51
LH:51
end_of_record
SF:lib/widgets/sheets/open_custom_sheet.dart
DA:35,1
DA:62,1
DA:78,1
DA:80,1
DA:93,1
DA:98,1
DA:113,1
DA:131,1
DA:132,1
DA:134,1
DA:135,1
DA:136,1
DA:140,1
DA:141,1
DA:142,3
DA:143,1
DA:144,1
DA:145,1
DA:146,1
DA:147,1
DA:148,1
DA:149,1
DA:150,1
DA:151,1
DA:154,3
DA:156,1
DA:157,1
DA:158,1
DA:159,2
DA:160,2
DA:161,1
DA:162,2
DA:171,1
DA:172,1
DA:175,1
DA:178,3
DA:180,1
DA:181,1
DA:183,1
DA:184,2
DA:185,2
DA:186,1
DA:187,1
DA:188,1
DA:191,2
DA:195,1
DA:196,1
DA:198,1
DA:199,1
DA:200,1
DA:201,1
DA:202,1
DA:203,1
DA:204,1
DA:211,2
DA:212,1
DA:213,2
DA:219,1
DA:229,1
DA:231,1
DA:234,1
DA:237,2
DA:239,1
DA:241,4
DA:246,1
DA:247,2
DA:251,1
DA:253,4
DA:263,1
DA:264,1
DA:265,1
DA:268,1
DA:270,1
LF:73
LH:73
end_of_record
