SF:lib/widgets/buttons/expandable_list_tile_button.dart
DA:19,1
DA:35,1
DA:46,1
DA:56,2
DA:57,2
DA:61,1
DA:70,0
DA:83,0
DA:94,0
DA:98,0
DA:102,0
DA:110,1
DA:120,1
DA:132,1
DA:134,1
DA:146,1
DA:148,1
DA:149,1
DA:150,2
DA:154,2
DA:155,1
DA:159,3
DA:160,1
DA:161,2
DA:162,1
DA:164,1
DA:165,1
DA:166,2
DA:167,3
DA:172,3
DA:173,1
DA:177,1
DA:179,3
DA:181,2
DA:182,2
DA:183,2
DA:184,1
DA:190,0
DA:192,0
DA:193,0
DA:194,0
DA:198,1
DA:200,2
DA:201,1
DA:204,1
DA:205,2
DA:206,2
DA:207,1
DA:208,2
DA:210,2
DA:215,1
DA:217,1
DA:219,1
DA:220,1
DA:221,1
DA:222,3
DA:223,1
DA:224,1
DA:226,1
DA:228,1
DA:229,2
DA:230,3
DA:235,1
DA:236,2
DA:239,3
DA:240,1
DA:244,1
DA:245,1
DA:246,2
DA:247,5
DA:248,0
DA:254,0
DA:255,0
DA:256,0
DA:257,0
DA:258,0
DA:259,0
DA:260,0
DA:261,0
DA:262,0
DA:263,0
DA:264,0
DA:266,0
DA:268,0
DA:269,0
DA:270,0
DA:271,0
DA:272,0
DA:273,0
DA:274,0
DA:275,0
DA:277,0
LF:92
LH:61
end_of_record
SF:lib/widgets/buttons/action_wrapper.dart
DA:11,1
DA:21,0
DA:29,1
DA:31,1
DA:32,1
DA:33,1
DA:34,1
DA:35,1
DA:36,1
DA:37,2
DA:39,1
LF:11
LH:10
end_of_record
SF:lib/widgets/buttons/custom_action_button.dart
DA:29,3
DA:51,1
DA:69,1
DA:90,2
DA:107,2
DA:127,1
DA:137,1
DA:150,2
DA:169,2
DA:191,3
DA:192,3
DA:198,1
DA:199,2
DA:201,1
DA:202,3
DA:207,1
DA:208,2
DA:211,3
DA:213,6
DA:214,2
DA:217,6
DA:218,3
DA:219,1
DA:220,3
DA:221,2
DA:222,2
DA:223,2
DA:226,1
DA:230,2
DA:231,2
DA:232,6
DA:233,6
DA:234,4
DA:236,4
DA:237,1
DA:238,3
DA:239,2
DA:244,2
DA:245,4
DA:246,4
DA:247,4
DA:248,2
DA:251,4
DA:256,1
DA:257,1
DA:258,2
DA:259,2
DA:260,2
DA:262,2
DA:263,1
DA:264,3
DA:265,2
DA:267,2
DA:268,1
DA:269,2
DA:270,0
DA:272,2
DA:275,1
DA:276,2
DA:277,2
DA:278,2
DA:279,1
DA:281,2
DA:282,2
DA:287,2
DA:288,2
DA:289,8
DA:290,4
DA:291,4
DA:293,4
DA:294,2
DA:295,6
DA:296,4
DA:298,2
DA:299,2
DA:300,6
DA:302,4
DA:305,2
DA:306,4
DA:307,4
DA:308,4
DA:309,2
DA:311,4
DA:312,4
DA:317,1
DA:318,1
DA:320,2
DA:322,2
DA:324,1
DA:325,1
DA:329,1
DA:330,2
DA:331,2
DA:332,2
DA:333,1
DA:335,2
DA:336,2
DA:341,2
DA:342,2
DA:343,4
DA:344,6
DA:345,4
DA:347,4
DA:348,1
DA:349,3
DA:350,2
DA:352,4
DA:353,2
DA:354,4
DA:355,0
DA:357,4
DA:360,2
DA:361,4
DA:362,4
DA:363,4
DA:364,2
DA:365,4
DA:366,2
DA:367,2
DA:368,2
DA:370,4
DA:371,4
DA:377,3
DA:379,4
DA:380,3
DA:393,0
DA:404,0
DA:406,0
DA:407,0
DA:408,0
DA:410,0
DA:412,0
DA:414,0
DA:415,0
DA:416,0
DA:417,0
DA:418,0
DA:420,0
DA:421,0
DA:422,0
DA:423,0
LF:141
LH:123
end_of_record
SF:lib/widgets/buttons/list_tile_button.dart
DA:21,2
DA:41,2
DA:43,2
DA:44,2
DA:45,2
DA:46,2
DA:47,2
DA:48,2
DA:50,2
DA:51,4
DA:52,2
DA:53,2
DA:54,2
DA:55,2
DA:56,2
DA:57,2
DA:58,2
DA:60,2
DA:61,2
DA:62,2
DA:63,2
DA:64,1
DA:65,1
DA:66,3
DA:67,0
DA:70,1
DA:72,2
DA:73,2
DA:74,2
DA:75,2
DA:77,2
DA:80,2
DA:81,2
DA:84,2
DA:85,2
DA:88,2
DA:115,1
DA:131,1
DA:133,1
DA:134,1
DA:135,1
DA:136,1
DA:137,1
DA:138,1
DA:139,4
DA:140,2
DA:142,1
DA:143,1
DA:144,1
DA:146,1
DA:147,1
DA:148,1
DA:149,1
DA:161,2
DA:170,2
DA:172,2
DA:173,2
DA:174,4
DA:175,4
DA:176,2
DA:177,2
DA:178,4
DA:179,2
DA:180,0
DA:183,2
DA:196,2
DA:205,2
DA:207,2
DA:208,2
DA:209,2
DA:213,2
DA:214,2
DA:215,4
DA:216,4
DA:217,4
DA:219,0
DA:220,0
DA:221,0
DA:222,0
LF:79
LH:73
end_of_record
SF:lib/widgets/input/increment_decrement_widget.dart
DA:49,1
DA:79,0
DA:104,0
DA:133,0
DA:157,0
DA:186,0
DA:206,0
DA:233,0
DA:258,0
DA:278,0
DA:281,0
DA:282,0
DA:289,1
DA:291,1
DA:298,1
DA:300,1
DA:301,3
DA:304,1
DA:305,6
DA:306,2
DA:307,2
DA:309,4
DA:313,1
DA:314,6
DA:315,2
DA:316,2
DA:318,4
DA:322,0
DA:323,0
DA:325,0
DA:327,0
DA:332,0
DA:333,0
DA:336,1
DA:338,1
DA:339,1
DA:342,1
DA:345,4
DA:347,2
DA:349,2
DA:350,2
DA:352,2
DA:354,1
DA:356,1
DA:358,1
DA:359,1
DA:361,2
DA:363,6
DA:364,1
DA:367,6
DA:368,0
DA:369,1
DA:372,2
DA:373,2
DA:375,1
DA:376,1
DA:378,2
DA:379,2
DA:380,4
DA:381,1
DA:383,2
DA:384,4
DA:385,0
DA:386,1
DA:389,2
DA:390,2
DA:397,1
DA:410,1
DA:413,1
DA:418,2
DA:419,1
DA:420,3
DA:422,2
DA:423,2
DA:425,0
DA:427,0
DA:429,1
DA:430,1
DA:436,1
DA:438,0
DA:446,1
DA:450,1
DA:452,1
DA:455,1
DA:456,2
DA:457,2
DA:458,3
DA:464,1
DA:466,5
DA:467,1
LF:90
LH:68
end_of_record
SF:lib/widgets/layouts/padded_widgets.dart
DA:8,2
DA:15,1
DA:19,1
DA:20,1
DA:26,1
DA:31,1
DA:32,1
DA:38,1
DA:45,1
DA:47,1
DA:53,0
DA:57,0
DA:58,0
DA:64,0
DA:68,0
DA:69,0
DA:74,1
DA:76,1
DA:77,1
DA:78,1
DA:90,2
DA:99,1
DA:105,1
DA:106,1
DA:114,1
DA:121,1
DA:122,1
DA:130,0
DA:139,0
DA:141,0
DA:148,1
DA:150,1
DA:151,1
DA:152,1
DA:153,1
DA:154,1
DA:155,1
LF:37
LH:28
end_of_record
SF:lib/widgets/navigation/custom_bottom_navbar.dart
DA:8,1
DA:31,1
DA:49,1
DA:50,1
DA:57,1
DA:58,2
DA:60,2
DA:61,1
DA:65,1
DA:67,2
DA:69,1
DA:70,1
DA:71,1
DA:73,6
DA:75,1
DA:76,2
DA:77,3
DA:78,2
DA:79,1
DA:80,3
DA:84,1
DA:87,1
DA:90,2
DA:91,1
DA:93,2
DA:94,1
DA:95,3
DA:96,2
DA:97,1
DA:98,2
DA:99,2
DA:100,1
DA:102,2
DA:103,1
DA:105,2
DA:106,1
DA:108,2
DA:109,1
DA:111,2
DA:112,1
DA:114,2
DA:115,1
DA:117,4
DA:118,1
DA:119,1
DA:120,2
DA:122,1
DA:124,1
DA:126,1
DA:127,1
DA:128,1
LF:51
LH:51
end_of_record
SF:lib/widgets/sheets/open_custom_sheet.dart
DA:26,1
DA:45,1
DA:59,1
DA:71,2
DA:75,1
DA:82,1
DA:83,1
DA:88,2
DA:96,1
DA:114,1
DA:122,2
DA:137,1
DA:149,1
DA:152,1
DA:153,1
DA:155,2
DA:158,1
DA:160,1
DA:161,1
DA:162,1
DA:166,1
DA:180,1
DA:188,1
DA:191,1
DA:194,1
DA:197,2
DA:198,2
DA:199,1
DA:201,4
DA:206,1
DA:207,2
DA:210,2
DA:211,1
DA:213,4
DA:222,1
DA:223,1
DA:224,1
DA:227,1
DA:229,1
DA:236,0
DA:241,1
DA:242,1
DA:243,1
DA:245,1
DA:246,1
DA:247,1
DA:250,1
DA:251,1
DA:252,1
DA:253,1
DA:254,1
DA:255,1
DA:256,1
DA:257,1
DA:258,1
DA:260,2
DA:261,1
DA:262,1
DA:263,1
DA:268,1
DA:271,3
DA:275,2
DA:276,1
DA:277,2
LF:64
LH:63
end_of_record
